<?xml version="1.0" encoding="UTF-8"?>
<testng-results skipped="0" failed="0" ignored="0" total="1" passed="1">
  <reporter-output>
  </reporter-output>
  <suite name="Default suite" duration-ms="59878" started-at="2020-01-20T06:43:39Z" finished-at="2020-01-20T06:44:39Z">
    <groups>
    </groups>
    <test name="Default test" duration-ms="59878" started-at="2020-01-20T06:43:39Z" finished-at="2020-01-20T06:44:39Z">
      <class name="com.training.sanity.tests.DisplayAdvertisement">
        <test-method status="PASS" signature="setUpBeforeClass()[pri:0, instance:com.training.sanity.tests.DisplayAdvertisement@77cd7a0]" name="setUpBeforeClass" is-config="true" duration-ms="19" started-at="2020-01-20T06:43:39Z" finished-at="2020-01-20T06:43:39Z">
          <reporter-output>
          </reporter-output>
        </test-method> <!-- setUpBeforeClass -->
        <test-method status="PASS" signature="setUp()[pri:0, instance:com.training.sanity.tests.DisplayAdvertisement@77cd7a0]" name="setUp" is-config="true" duration-ms="11560" started-at="2020-01-20T06:43:39Z" finished-at="2020-01-20T06:43:51Z">
          <reporter-output>
          </reporter-output>
        </test-method> <!-- setUp -->
        <test-method status="PASS" signature="validLoginTest()[pri:0, instance:com.training.sanity.tests.DisplayAdvertisement@77cd7a0]" name="validLoginTest" duration-ms="46396" started-at="2020-01-20T06:43:51Z" finished-at="2020-01-20T06:44:37Z">
          <reporter-output>
          </reporter-output>
        </test-method> <!-- validLoginTest -->
        <test-method status="PASS" signature="tearDown()[pri:0, instance:com.training.sanity.tests.DisplayAdvertisement@77cd7a0]" name="tearDown" is-config="true" duration-ms="1881" started-at="2020-01-20T06:44:37Z" finished-at="2020-01-20T06:44:39Z">
          <reporter-output>
          </reporter-output>
        </test-method> <!-- tearDown -->
      </class> <!-- com.training.sanity.tests.DisplayAdvertisement -->
    </test> <!-- Default test -->
  </suite> <!-- Default suite -->
</testng-results>
